Godot Engine v4.6.2.stable.official.71f334935 - https://godotengine.org

Godot_v4.6.2-stable_win64.exe : WARNING: Parent path './CenterContainer' for node 'VBox' has vanished when instantiatin
g: 'res://scenes/ui/title_screen.tscn'.
At line:1 char:128
+ ... .6.2-stable_win64.exe"; & $godot --headless --check-only 2>&1 | Out-F ...
+                             ~~~~~~~~~~~~~~~~~~~~~~~~~~~~~~~~~~~~~
    + CategoryInfo          : NotSpecified: (WARNING: Parent...e_screen.tscn'.:String) [], RemoteException
    + FullyQualifiedErrorId : NativeCommandError
 
   at: instantiate (scene/resources/packed_scene.cpp:211)
ERROR: Node not found: "CenterContainer/VBox/HostButton" (relative to "/root/TitleScreen").
   at: get_node (scene/main/node.cpp:1963)
   GDScript backtrace (most recent call first):
       [0] @implicit_ready (res://scripts/ui/title_screen.gd:6)
ERROR: Node not found: "CenterContainer/VBox/JoinButton" (relative to "/root/TitleScreen").
   at: get_node (scene/main/node.cpp:1963)
   GDScript backtrace (most recent call first):
       [0] @implicit_ready (res://scripts/ui/title_screen.gd:7)
ERROR: Node not found: "CenterContainer/VBox/IPRow" (relative to "/root/TitleScreen").
   at: get_node (scene/main/node.cpp:1963)
   GDScript backtrace (most recent call first):
       [0] @implicit_ready (res://scripts/ui/title_screen.gd:8)
ERROR: Node not found: "CenterContainer/VBox/IPRow/IPInput" (relative to "/root/TitleScreen").
   at: get_node (scene/main/node.cpp:1963)
   GDScript backtrace (most recent call first):
       [0] @implicit_ready (res://scripts/ui/title_screen.gd:9)
ERROR: Node not found: "CenterContainer/VBox/QuitButton" (relative to "/root/TitleScreen").
   at: get_node (scene/main/node.cpp:1963)
   GDScript backtrace (most recent call first):
       [0] @implicit_ready (res://scripts/ui/title_screen.gd:10)
ERROR: Node not found: "SubtitleLabel" (relative to "/root/TitleScreen").
   at: get_node (scene/main/node.cpp:1963)
   GDScript backtrace (most recent call first):
       [0] @implicit_ready (res://scripts/ui/title_screen.gd:12)
SCRIPT ERROR: Invalid access to property or key 'pressed' on a base object of type 'null instance'.
   at: _ready (res://scripts/ui/title_screen.gd:17)
   GDScript backtrace (most recent call first):
       [0] _ready (res://scripts/ui/title_screen.gd:17)
